{"F:\\Escritorio\\Proyecto-de-software-TATIANA-CABRERA-23022026_C12_202631--main\\backend\\src\\swagger.js": {"path":"F:\\Escritorio\\Proyecto-de-software-TATIANA-CABRERA-23022026_C12_202631--main\\backend\\src\\swagger.js","statementMap":{"0":{"start":{"line":1,"column":21},"end":{"line":1,"column":45}},"1":{"start":{"line":2,"column":18},"end":{"line":2,"column":47}},"2":{"start":{"line":4,"column":16},"end":{"line":33,"column":1}},"3":{"start":{"line":35,"column":14},"end":{"line":35,"column":35}},"4":{"start":{"line":37,"column":0},"end":{"line":37,"column":38}}},"fnMap":{},"branchMap":{},"s":{"0":0,"1":0,"2":0,"3":0,"4":0},"f":{},"b":{}}
,"F:\\Escritorio\\Proyecto-de-software-TATIANA-CABRERA-23022026_C12_202631--main\\backend\\src\\controllers\\auth.controller.js": {"path":"F:\\Escritorio\\Proyecto-de-software-TATIANA-CABRERA-23022026_C12_202631--main\\backend\\src\\controllers\\auth.controller.js","statementMap":{"0":{"start":{"line":1,"column":13},"end":{"line":1,"column":44}},"1":{"start":{"line":2,"column":15},"end":{"line":2,"column":34}},"2":{"start":{"line":3,"column":12},"end":{"line":3,"column":35}},"3":{"start":{"line":5,"column":17},"end":{"line":33,"column":1}},"4":{"start":{"line":6,"column":2},"end":{"line":32,"column":3}},"5":{"start":{"line":7,"column":61},"end":{"line":7,"column":69}},"6":{"start":{"line":9,"column":26},"end":{"line":9,"column":55}},"7":{"start":{"line":10,"column":4},"end":{"line":12,"column":5}},"8":{"start":{"line":11,"column":6},"end":{"line":11,"column":78}},"9":{"start":{"line":14,"column":17},"end":{"line":14,"column":41}},"10":{"start":{"line":15,"column":31},"end":{"line":15,"column":64}},"11":{"start":{"line":17,"column":20},"end":{"line":24,"column":6}},"12":{"start":{"line":26,"column":4},"end":{"line":26,"column":25}},"13":{"start":{"line":28,"column":4},"end":{"line":28,"column":73}},"14":{"start":{"line":31,"column":4},"end":{"line":31,"column":84}},"15":{"start":{"line":35,"column":14},"end":{"line":70,"column":1}},"16":{"start":{"line":36,"column":2},"end":{"line":69,"column":3}},"17":{"start":{"line":37,"column":32},"end":{"line":37,"column":40}},"18":{"start":{"line":39,"column":20},"end":{"line":39,"column":49}},"19":{"start":{"line":40,"column":4},"end":{"line":42,"column":5}},"20":{"start":{"line":41,"column":6},"end":{"line":41,"column":75}},"21":{"start":{"line":44,"column":27},"end":{"line":44,"column":75}},"22":{"start":{"line":45,"column":4},"end":{"line":47,"column":5}},"23":{"start":{"line":46,"column":6},"end":{"line":46,"column":75}},"24":{"start":{"line":49,"column":18},"end":{"line":53,"column":5}},"25":{"start":{"line":55,"column":4},"end":{"line":65,"column":7}},"26":{"start":{"line":68,"column":4},"end":{"line":68,"column":84}},"27":{"start":{"line":72,"column":0},"end":{"line":72,"column":37}}},"fnMap":{"0":{"name":"(anonymous_0)","decl":{"start":{"line":5,"column":17},"end":{"line":5,"column":18}},"loc":{"start":{"line":5,"column":37},"end":{"line":33,"column":1}},"line":5},"1":{"name":"(anonymous_1)","decl":{"start":{"line":35,"column":14},"end":{"line":35,"column":15}},"loc":{"start":{"line":35,"column":34},"end":{"line":70,"column":1}},"line":35}},"branchMap":{"0":{"loc":{"start":{"line":10,"column":4},"end":{"line":12,"column":5}},"type":"if","locations":[{"start":{"line":10,"column":4},"end":{"line":12,"column":5}},{"start":{},"end":{}}],"line":10},"1":{"loc":{"start":{"line":40,"column":4},"end":{"line":42,"column":5}},"type":"if","locations":[{"start":{"line":40,"column":4},"end":{"line":42,"column":5}},{"start":{},"end":{}}],"line":40},"2":{"loc":{"start":{"line":45,"column":4},"end":{"line":47,"column":5}},"type":"if","locations":[{"start":{"line":45,"column":4},"end":{"line":47,"column":5}},{"start":{},"end":{}}],"line":45}},"s":{"0":0,"1":0,"2":0,"3":0,"4":0,"5":0,"6":0,"7":0,"8":0,"9":0,"10":0,"11":0,"12":0,"13":0,"14":0,"15":0,"16":0,"17":0,"18":0,"19":0,"20":0,"21":0,"22":0,"23":0,"24":0,"25":0,"26":0,"27":0},"f":{"0":0,"1":0},"b":{"0":[0,0],"1":[0,0],"2":[0,0]}}
,"F:\\Escritorio\\Proyecto-de-software-TATIANA-CABRERA-23022026_C12_202631--main\\backend\\src\\controllers\\proyecto.controller.js": {"path":"F:\\Escritorio\\Proyecto-de-software-TATIANA-CABRERA-23022026_C12_202631--main\\backend\\src\\controllers\\proyecto.controller.js","statementMap":{"0":{"start":{"line":1,"column":17},"end":{"line":1,"column":52}},"1":{"start":{"line":3,"column":22},"end":{"line":22,"column":1}},"2":{"start":{"line":4,"column":2},"end":{"line":21,"column":3}},"3":{"start":{"line":5,"column":65},"end":{"line":5,"column":73}},"4":{"start":{"line":7,"column":21},"end":{"line":14,"column":6}},"5":{"start":{"line":16,"column":4},"end":{"line":16,"column":26}},"6":{"start":{"line":17,"column":4},"end":{"line":17,"column":80}},"7":{"start":{"line":20,"column":4},"end":{"line":20,"column":84}},"8":{"start":{"line":24,"column":25},"end":{"line":31,"column":1}},"9":{"start":{"line":25,"column":2},"end":{"line":30,"column":3}},"10":{"start":{"line":26,"column":22},"end":{"line":26,"column":97}},"11":{"start":{"line":27,"column":4},"end":{"line":27,"column":24}},"12":{"start":{"line":29,"column":4},"end":{"line":29,"column":84}},"13":{"start":{"line":33,"column":24},"end":{"line":43,"column":1}},"14":{"start":{"line":34,"column":2},"end":{"line":42,"column":3}},"15":{"start":{"line":35,"column":21},"end":{"line":35,"column":93}},"16":{"start":{"line":36,"column":4},"end":{"line":38,"column":5}},"17":{"start":{"line":37,"column":6},"end":{"line":37,"column":73}},"18":{"start":{"line":39,"column":4},"end":{"line":39,"column":23}},"19":{"start":{"line":41,"column":4},"end":{"line":41,"column":84}},"20":{"start":{"line":45,"column":27},"end":{"line":59,"column":1}},"21":{"start":{"line":46,"column":2},"end":{"line":58,"column":3}},"22":{"start":{"line":47,"column":21},"end":{"line":51,"column":5}},"23":{"start":{"line":52,"column":4},"end":{"line":54,"column":5}},"24":{"start":{"line":53,"column":6},"end":{"line":53,"column":73}},"25":{"start":{"line":55,"column":4},"end":{"line":55,"column":60}},"26":{"start":{"line":57,"column":4},"end":{"line":57,"column":84}},"27":{"start":{"line":61,"column":25},"end":{"line":75,"column":1}},"28":{"start":{"line":62,"column":2},"end":{"line":74,"column":3}},"29":{"start":{"line":63,"column":21},"end":{"line":67,"column":5}},"30":{"start":{"line":68,"column":4},"end":{"line":70,"column":5}},"31":{"start":{"line":69,"column":6},"end":{"line":69,"column":73}},"32":{"start":{"line":71,"column":4},"end":{"line":71,"column":61}},"33":{"start":{"line":73,"column":4},"end":{"line":73,"column":84}},"34":{"start":{"line":77,"column":0},"end":{"line":77,"column":108}}},"fnMap":{"0":{"name":"(anonymous_0)","decl":{"start":{"line":3,"column":22},"end":{"line":3,"column":23}},"loc":{"start":{"line":3,"column":42},"end":{"line":22,"column":1}},"line":3},"1":{"name":"(anonymous_1)","decl":{"start":{"line":24,"column":25},"end":{"line":24,"column":26}},"loc":{"start":{"line":24,"column":45},"end":{"line":31,"column":1}},"line":24},"2":{"name":"(anonymous_2)","decl":{"start":{"line":33,"column":24},"end":{"line":33,"column":25}},"loc":{"start":{"line":33,"column":44},"end":{"line":43,"column":1}},"line":33},"3":{"name":"(anonymous_3)","decl":{"start":{"line":45,"column":27},"end":{"line":45,"column":28}},"loc":{"start":{"line":45,"column":47},"end":{"line":59,"column":1}},"line":45},"4":{"name":"(anonymous_4)","decl":{"start":{"line":61,"column":25},"end":{"line":61,"column":26}},"loc":{"start":{"line":61,"column":45},"end":{"line":75,"column":1}},"line":61}},"branchMap":{"0":{"loc":{"start":{"line":36,"column":4},"end":{"line":38,"column":5}},"type":"if","locations":[{"start":{"line":36,"column":4},"end":{"line":38,"column":5}},{"start":{},"end":{}}],"line":36},"1":{"loc":{"start":{"line":52,"column":4},"end":{"line":54,"column":5}},"type":"if","locations":[{"start":{"line":52,"column":4},"end":{"line":54,"column":5}},{"start":{},"end":{}}],"line":52},"2":{"loc":{"start":{"line":68,"column":4},"end":{"line":70,"column":5}},"type":"if","locations":[{"start":{"line":68,"column":4},"end":{"line":70,"column":5}},{"start":{},"end":{}}],"line":68}},"s":{"0":0,"1":0,"2":0,"3":0,"4":0,"5":0,"6":0,"7":0,"8":0,"9":0,"10":0,"11":0,"12":0,"13":0,"14":0,"15":0,"16":0,"17":0,"18":0,"19":0,"20":0,"21":0,"22":0,"23":0,"24":0,"25":0,"26":0,"27":0,"28":0,"29":0,"30":0,"31":0,"32":0,"33":0,"34":0},"f":{"0":0,"1":0,"2":0,"3":0,"4":0},"b":{"0":[0,0],"1":[0,0],"2":[0,0]}}
,"F:\\Escritorio\\Proyecto-de-software-TATIANA-CABRERA-23022026_C12_202631--main\\backend\\src\\middlewares\\auth.middleware.js": {"path":"F:\\Escritorio\\Proyecto-de-software-TATIANA-CABRERA-23022026_C12_202631--main\\backend\\src\\middlewares\\auth.middleware.js","statementMap":{"0":{"start":{"line":1,"column":12},"end":{"line":1,"column":35}},"1":{"start":{"line":3,"column":23},"end":{"line":18,"column":1}},"2":{"start":{"line":4,"column":16},"end":{"line":4,"column":44}},"3":{"start":{"line":6,"column":2},"end":{"line":8,"column":3}},"4":{"start":{"line":7,"column":4},"end":{"line":7,"column":81}},"5":{"start":{"line":10,"column":2},"end":{"line":17,"column":3}},"6":{"start":{"line":11,"column":24},"end":{"line":11,"column":76}},"7":{"start":{"line":12,"column":23},"end":{"line":12,"column":70}},"8":{"start":{"line":13,"column":4},"end":{"line":13,"column":29}},"9":{"start":{"line":14,"column":4},"end":{"line":14,"column":11}},"10":{"start":{"line":16,"column":4},"end":{"line":16,"column":56}},"11":{"start":{"line":20,"column":0},"end":{"line":20,"column":36}}},"fnMap":{"0":{"name":"(anonymous_0)","decl":{"start":{"line":3,"column":23},"end":{"line":3,"column":24}},"loc":{"start":{"line":3,"column":43},"end":{"line":18,"column":1}},"line":3}},"branchMap":{"0":{"loc":{"start":{"line":6,"column":2},"end":{"line":8,"column":3}},"type":"if","locations":[{"start":{"line":6,"column":2},"end":{"line":8,"column":3}},{"start":{},"end":{}}],"line":6},"1":{"loc":{"start":{"line":11,"column":24},"end":{"line":11,"column":76}},"type":"cond-expr","locations":[{"start":{"line":11,"column":54},"end":{"line":11,"column":68}},{"start":{"line":11,"column":71},"end":{"line":11,"column":76}}],"line":11}},"s":{"0":0,"1":0,"2":0,"3":0,"4":0,"5":0,"6":0,"7":0,"8":0,"9":0,"10":0,"11":0},"f":{"0":0},"b":{"0":[0,0],"1":[0,0]}}
,"F:\\Escritorio\\Proyecto-de-software-TATIANA-CABRERA-23022026_C12_202631--main\\backend\\src\\models\\proyecto.model.js": {"path":"F:\\Escritorio\\Proyecto-de-software-TATIANA-CABRERA-23022026_C12_202631--main\\backend\\src\\models\\proyecto.model.js","statementMap":{"0":{"start":{"line":1,"column":17},"end":{"line":1,"column":36}},"1":{"start":{"line":3,"column":23},"end":{"line":32,"column":24}},"2":{"start":{"line":34,"column":0},"end":{"line":34,"column":60}}},"fnMap":{},"branchMap":{},"s":{"0":0,"1":0,"2":0},"f":{},"b":{}}
,"F:\\Escritorio\\Proyecto-de-software-TATIANA-CABRERA-23022026_C12_202631--main\\backend\\src\\models\\user.model.js": {"path":"F:\\Escritorio\\Proyecto-de-software-TATIANA-CABRERA-23022026_C12_202631--main\\backend\\src\\models\\user.model.js","statementMap":{"0":{"start":{"line":1,"column":17},"end":{"line":1,"column":36}},"1":{"start":{"line":3,"column":19},"end":{"line":30,"column":24}},"2":{"start":{"line":32,"column":0},"end":{"line":32,"column":52}}},"fnMap":{},"branchMap":{},"s":{"0":0,"1":0,"2":0},"f":{},"b":{}}
,"F:\\Escritorio\\Proyecto-de-software-TATIANA-CABRERA-23022026_C12_202631--main\\backend\\src\\routes\\auth.routes.js": {"path":"F:\\Escritorio\\Proyecto-de-software-TATIANA-CABRERA-23022026_C12_202631--main\\backend\\src\\routes\\auth.routes.js","statementMap":{"0":{"start":{"line":1,"column":16},"end":{"line":1,"column":34}},"1":{"start":{"line":2,"column":15},"end":{"line":2,"column":31}},"2":{"start":{"line":3,"column":28},"end":{"line":3,"column":69}},"3":{"start":{"line":5,"column":0},"end":{"line":5,"column":35}},"4":{"start":{"line":6,"column":0},"end":{"line":6,"column":29}},"5":{"start":{"line":8,"column":0},"end":{"line":8,"column":24}}},"fnMap":{},"branchMap":{},"s":{"0":0,"1":0,"2":0,"3":0,"4":0,"5":0},"f":{},"b":{}}
,"F:\\Escritorio\\Proyecto-de-software-TATIANA-CABRERA-23022026_C12_202631--main\\backend\\src\\routes\\proyecto.routes.js": {"path":"F:\\Escritorio\\Proyecto-de-software-TATIANA-CABRERA-23022026_C12_202631--main\\backend\\src\\routes\\proyecto.routes.js","statementMap":{"0":{"start":{"line":1,"column":16},"end":{"line":1,"column":34}},"1":{"start":{"line":2,"column":15},"end":{"line":2,"column":31}},"2":{"start":{"line":3,"column":99},"end":{"line":3,"column":144}},"3":{"start":{"line":4,"column":27},"end":{"line":4,"column":68}},"4":{"start":{"line":16,"column":0},"end":{"line":16,"column":34}},"5":{"start":{"line":36,"column":0},"end":{"line":36,"column":36}},"6":{"start":{"line":74,"column":0},"end":{"line":74,"column":48}},"7":{"start":{"line":96,"column":0},"end":{"line":96,"column":55}},"8":{"start":{"line":118,"column":0},"end":{"line":118,"column":56}},"9":{"start":{"line":120,"column":0},"end":{"line":120,"column":24}}},"fnMap":{},"branchMap":{},"s":{"0":0,"1":0,"2":0,"3":0,"4":0,"5":0,"6":0,"7":0,"8":0,"9":0},"f":{},"b":{}}
}
