TN:
SF:src\swagger.js
FNF:0
FNH:0
DA:1,0
DA:2,0
DA:4,0
DA:35,0
DA:37,0
LF:5
LH:0
BRF:0
BRH:0
end_of_record
TN:
SF:src\controllers\auth.controller.js
FN:5,(anonymous_0)
FN:35,(anonymous_1)
FNF:2
FNH:0
FNDA:0,(anonymous_0)
FNDA:0,(anonymous_1)
DA:1,0
DA:2,0
DA:3,0
DA:5,0
DA:6,0
DA:7,0
DA:9,0
DA:10,0
DA:11,0
DA:14,0
DA:15,0
DA:17,0
DA:26,0
DA:28,0
DA:31,0
DA:35,0
DA:36,0
DA:37,0
DA:39,0
DA:40,0
DA:41,0
DA:44,0
DA:45,0
DA:46,0
DA:49,0
DA:55,0
DA:68,0
DA:72,0
LF:28
LH:0
BRDA:10,0,0,0
BRDA:10,0,1,0
BRDA:40,1,0,0
BRDA:40,1,1,0
BRDA:45,2,0,0
BRDA:45,2,1,0
BRF:6
BRH:0
end_of_record
TN:
SF:src\controllers\proyecto.controller.js
FN:3,(anonymous_0)
FN:24,(anonymous_1)
FN:33,(anonymous_2)
FN:45,(anonymous_3)
FN:61,(anonymous_4)
FNF:5
FNH:0
FNDA:0,(anonymous_0)
FNDA:0,(anonymous_1)
FNDA:0,(anonymous_2)
FNDA:0,(anonymous_3)
FNDA:0,(anonymous_4)
DA:1,0
DA:3,0
DA:4,0
DA:5,0
DA:7,0
DA:16,0
DA:17,0
DA:20,0
DA:24,0
DA:25,0
DA:26,0
DA:27,0
DA:29,0
DA:33,0
DA:34,0
DA:35,0
DA:36,0
DA:37,0
DA:39,0
DA:41,0
DA:45,0
DA:46,0
DA:47,0
DA:52,0
DA:53,0
DA:55,0
DA:57,0
DA:61,0
DA:62,0
DA:63,0
DA:68,0
DA:69,0
DA:71,0
DA:73,0
DA:77,0
LF:35
LH:0
BRDA:36,0,0,0
BRDA:36,0,1,0
BRDA:52,1,0,0
BRDA:52,1,1,0
BRDA:68,2,0,0
BRDA:68,2,1,0
BRF:6
BRH:0
end_of_record
TN:
SF:src\middlewares\auth.middleware.js
FN:3,(anonymous_0)
FNF:1
FNH:0
FNDA:0,(anonymous_0)
DA:1,0
DA:3,0
DA:4,0
DA:6,0
DA:7,0
DA:10,0
DA:11,0
DA:12,0
DA:13,0
DA:14,0
DA:16,0
DA:20,0
LF:12
LH:0
BRDA:6,0,0,0
BRDA:6,0,1,0
BRDA:11,1,0,0
BRDA:11,1,1,0
BRF:4
BRH:0
end_of_record
TN:
SF:src\models\proyecto.model.js
FNF:0
FNH:0
DA:1,0
DA:3,0
DA:34,0
LF:3
LH:0
BRF:0
BRH:0
end_of_record
TN:
SF:src\models\user.model.js
FNF:0
FNH:0
DA:1,0
DA:3,0
DA:32,0
LF:3
LH:0
BRF:0
BRH:0
end_of_record
TN:
SF:src\routes\auth.routes.js
FNF:0
FNH:0
DA:1,0
DA:2,0
DA:3,0
DA:5,0
DA:6,0
DA:8,0
LF:6
LH:0
BRF:0
BRH:0
end_of_record
TN:
SF:src\routes\proyecto.routes.js
FNF:0
FNH:0
DA:1,0
DA:2,0
DA:3,0
DA:4,0
DA:16,0
DA:36,0
DA:74,0
DA:96,0
DA:118,0
DA:120,0
LF:10
LH:0
BRF:0
BRH:0
end_of_record
